<?xml version="1.0" encoding="UTF-8"?>
<!-- Generated by org.testng.reporters.JUnitReportReporter -->
<testsuite hostname="SEEtech" failures="0" tests="1" name="com.seetech.automation.tests.TableData" time="44.905" errors="0" timestamp="20 Sep 2022 10:11:07 GMT" skipped="0">
  <testcase classname="com.seetech.automation.tests.TableData" name="tableData" time="44.905"/>
</testsuite> <!-- com.seetech.automation.tests.TableData -->
