<?xml version="1.0" encoding="UTF-8"?>
<!-- Generated by org.testng.reporters.JUnitReportReporter -->
<testsuite hostname="SEEtech" failures="0" tests="1" name="com.seetech.automation.tests.SeeTechTest2" time="25.488" errors="0" timestamp="20 Sep 2022 08:28:10 GMT" skipped="0">
  <testcase classname="com.seetech.automation.tests.SeeTechTest2" name="actions" time="25.488"/>
</testsuite> <!-- com.seetech.automation.tests.SeeTechTest2 -->
