<?xml version="1.0" encoding="UTF-8"?>
<!-- Generated by org.testng.reporters.JUnitReportReporter -->
<testsuite hostname="SEEtech" failures="0" tests="1" name="com.seetech.automation.tests.WindowsHandling" time="11.536" errors="0" timestamp="20 Sep 2022 08:28:52 GMT" skipped="0">
  <testcase classname="com.seetech.automation.tests.WindowsHandling" name="windows" time="11.536"/>
</testsuite> <!-- com.seetech.automation.tests.WindowsHandling -->
